<?xml version="1.0" encoding="UTF-8"?>
<testsuite xmlns:xsi="http://www.w3.org/2001/XMLSchema-instance" xsi:noNamespaceSchemaLocation="https://maven.apache.org/surefire/maven-surefire-plugin/xsd/surefire-test-report-3.0.xsd" version="3.0" name="org.example.Runners.TestRunners" time="419.795" tests="12" errors="0" skipped="0" failures="0">
  <properties>
[...]
</properties>
  <testcase name="runScenario" classname="org.example.Runners.TestRunners" time="65.663"/>
  <testcase name="runScenario" classname="org.example.Runners.TestRunners" time="29.63"/>
  <testcase name="runScenario" classname="org.example.Runners.TestRunners" time="21.084"/>
  <testcase name="runScenario" classname="org.example.Runners.TestRunners" time="31.756"/>
  <testcase name="runScenario" classname="org.example.Runners.TestRunners" time="29.797"/>
  <testcase name="runScenario" classname="org.example.Runners.TestRunners" time="29.909"/>
  <testcase name="runScenario" classname="org.example.Runners.TestRunners" time="33.893"/>
  <testcase name="runScenario" classname="org.example.Runners.TestRunners" time="30.385"/>
  <testcase name="runScenario" classname="org.example.Runners.TestRunners" time="27.462"/>
  <testcase name="runScenario" classname="org.example.Runners.TestRunners" time="26.95"/>
  <testcase name="runScenario" classname="org.example.Runners.TestRunners" time="36.741"/>
  <testcase name="runScenario" classname="org.example.Runners.TestRunners" time="51.244"/>
</testsuite>